==14132== Memcheck, a memory error detector
==14132== Copyright (C) 2002-2012, and GNU GPL'd, by Julian Seward et al.
==14132== Using Valgrind-3.8.1 and LibVEX; rerun with -h for copyright info
==14132== Command: ./a.out
==14132== Parent PID: 27397
==14132== 
--14132-- 
--14132-- Valgrind options:
--14132--    --tool=memcheck
--14132--    --leak-check=full
--14132--    --verbose
--14132--    --log-file=memcheck.log
--14132-- Contents of /proc/version:
--14132--   Linux version 2.6.32-504.12.2.el6.x86_64 (mockbuild@x86-027.build.eng.bos.redhat.com) (gcc version 4.4.7 20120313 (Red Hat 4.4.7-9) (GCC) ) #1 SMP Sun Feb 1 12:14:02 EST 2015
--14132-- Arch and hwcaps: AMD64, amd64-sse3-cx16-avx
--14132-- Page sizes: currently 4096, max supported 4096
--14132-- Valgrind library directory: /usr/lib64/valgrind
--14132-- Reading syms from /home/shay/b/sekale/ece368/Project3/a.out
--14132-- Reading syms from /usr/lib64/valgrind/memcheck-amd64-linux
--14132--    object doesn't have a dynamic symbol table
--14132-- Reading syms from /lib64/ld-2.12.so
--14132--   Considering /usr/lib/debug/.build-id/5b/eb2450b75e84ff317c65f22af8b8112c25df63.debug ..
--14132--   .. build-id is valid
--14132-- Scheduler: using generic scheduler lock implementation.
--14132-- Reading suppressions file: /usr/lib64/valgrind/default.supp
==14132== embedded gdbserver: reading from /tmp/vgdb-pipe-from-vgdb-to-14132-by-sekale-on-ecegrid-thin4.ecn.purdue.edu
==14132== embedded gdbserver: writing to   /tmp/vgdb-pipe-to-vgdb-from-14132-by-sekale-on-ecegrid-thin4.ecn.purdue.edu
==14132== embedded gdbserver: shared mem   /tmp/vgdb-pipe-shared-mem-vgdb-14132-by-sekale-on-ecegrid-thin4.ecn.purdue.edu
==14132== 
==14132== TO CONTROL THIS PROCESS USING vgdb (which you probably
==14132== don't want to do, unless you know exactly what you're doing,
==14132== or are doing some strange experiment):
==14132==   /usr/lib64/valgrind/../../bin/vgdb --pid=14132 ...command...
==14132== 
==14132== TO DEBUG THIS PROCESS USING GDB: start GDB like this
==14132==   /path/to/gdb ./a.out
==14132== and then give GDB the following command
==14132==   target remote | /usr/lib64/valgrind/../../bin/vgdb --pid=14132
==14132== --pid is optional if only one valgrind process is running
==14132== 
--14132-- REDIR: 0x3e050176d0 (strlen) redirected to 0x38049551 (vgPlain_amd64_linux_REDIR_FOR_strlen)
--14132-- Reading syms from /usr/lib64/valgrind/vgpreload_core-amd64-linux.so
--14132-- Reading syms from /usr/lib64/valgrind/vgpreload_memcheck-amd64-linux.so
--14132-- REDIR: 0x3e050174e0 (index) redirected to 0x4a07c30 (index)
--14132-- REDIR: 0x3e05017560 (strcmp) redirected to 0x4a08570 (strcmp)
--14132-- Reading syms from /lib64/libm-2.12.so
--14132--   Considering /usr/lib/debug/lib64/libm-2.12.so.debug ..
--14132--   .. CRC mismatch (computed 92922499 wanted a03b08bf)
--14132-- Reading syms from /lib64/libc-2.12.so
--14132--   Considering /usr/lib/debug/lib64/libc-2.12.so.debug ..
--14132--   .. CRC mismatch (computed 913ca5cc wanted 70cbab83)
--14132-- REDIR: 0x3e05484cd0 (strcasecmp) redirected to 0x480155c (_vgnU_ifunc_wrapper)
--14132-- REDIR: 0x3e05486f90 (strncasecmp) redirected to 0x480155c (_vgnU_ifunc_wrapper)
--14132-- REDIR: 0x3e05482c40 (__GI_strrchr) redirected to 0x4a07ab0 (__GI_strrchr)
--14132-- REDIR: 0x3e0547a640 (malloc) redirected to 0x4a069ac (malloc)
==14132== Syscall param open(filename) points to unaddressable byte(s)
==14132==    at 0x3E054DB2D0: __open_nocancel (in /lib64/libc-2.12.so)
==14132==    by 0x3E05472AEE: _IO_file_fopen@@GLIBC_2.2.5 (in /lib64/libc-2.12.so)
==14132==    by 0x3E05466F25: __fopen_internal (in /lib64/libc-2.12.so)
==14132==    by 0x400848: main (draft1.c:34)
==14132==  Address 0x0 is not stack'd, malloc'd or (recently) free'd
==14132== 
--14132-- REDIR: 0x3e0547b520 (free) redirected to 0x4a063a9 (free)
==14132== 
==14132== HEAP SUMMARY:
==14132==     in use at exit: 0 bytes in 0 blocks
==14132==   total heap usage: 1 allocs, 1 frees, 568 bytes allocated
==14132== 
==14132== All heap blocks were freed -- no leaks are possible
==14132== 
==14132== ERROR SUMMARY: 1 errors from 1 contexts (suppressed: 6 from 6)
==14132== 
==14132== 1 errors in context 1 of 1:
==14132== Syscall param open(filename) points to unaddressable byte(s)
==14132==    at 0x3E054DB2D0: __open_nocancel (in /lib64/libc-2.12.so)
==14132==    by 0x3E05472AEE: _IO_file_fopen@@GLIBC_2.2.5 (in /lib64/libc-2.12.so)
==14132==    by 0x3E05466F25: __fopen_internal (in /lib64/libc-2.12.so)
==14132==    by 0x400848: main (draft1.c:34)
==14132==  Address 0x0 is not stack'd, malloc'd or (recently) free'd
==14132== 
--14132-- 
--14132-- used_suppression:      4 U1004-ARM-_dl_relocate_object
--14132-- used_suppression:      2 glibc-2.5.x-on-SUSE-10.2-(PPC)-2a
==14132== 
==14132== ERROR SUMMARY: 1 errors from 1 contexts (suppressed: 6 from 6)
